<?xml version="1.0" encoding="UTF-8"?>
<testsuite name="GamePlayerClass" tests="1" skipped="0" failures="0" errors="0" timestamp="2016-08-20T14:36:03" hostname="Somebodys-MacBook-Pro.local" time="0.0">
  <properties/>
  <testcase name="testGamePlayer" classname="GamePlayerClass" time="0.0"/>
  <system-out><![CDATA[]]></system-out>
  <system-err><![CDATA[]]></system-err>
</testsuite>
