<?xml version="1.0" encoding="UTF-8"?>
<testsuite name="game.display.BoardTest" tests="1" skipped="0" failures="0" errors="0" timestamp="2016-08-22T04:09:00" hostname="Somebodys-MacBook-Pro.local" time="0.0">
  <properties/>
  <testcase name="testBoardDisplay" classname="game.display.BoardTest" time="0.0"/>
  <system-out><![CDATA[]]></system-out>
  <system-err><![CDATA[]]></system-err>
</testsuite>
