<?xml version="1.0" encoding="UTF-8"?>
<testsuite name="game.display.BoardDisplayTest" tests="1" skipped="0" failures="0" errors="0" timestamp="2016-08-22T02:23:53" hostname="Somebodys-MacBook-Pro.local" time="0.0">
  <properties/>
  <testcase name="testBoardDisplay" classname="game.display.BoardDisplayTest" time="0.0"/>
  <system-out><![CDATA[]]></system-out>
  <system-err><![CDATA[]]></system-err>
</testsuite>
