<?xml version="1.0" encoding="UTF-8"?>
<testsuite name="game.board.BoardTest" tests="5" skipped="0" failures="0" errors="0" timestamp="2016-08-22T04:09:00" hostname="Somebodys-MacBook-Pro.local" time="0.004">
  <properties/>
  <testcase name="testcheckBoundary1" classname="game.board.BoardTest" time="0.001"/>
  <testcase name="testcheckBoundary2" classname="game.board.BoardTest" time="0.0"/>
  <testcase name="testGameBoard" classname="game.board.BoardTest" time="0.001"/>
  <testcase name="testcheckVacancy1" classname="game.board.BoardTest" time="0.001"/>
  <testcase name="testcheckVacancy2" classname="game.board.BoardTest" time="0.0"/>
  <system-out><![CDATA[]]></system-out>
  <system-err><![CDATA[]]></system-err>
</testsuite>
