<?xml version="1.0" encoding="UTF-8"?>
<testsuite name="GameBoardTest" tests="4" skipped="0" failures="0" errors="0" timestamp="2016-08-20T13:59:41" hostname="Somebodys-MacBook-Pro.local" time="0.002">
  <properties/>
  <testcase name="testcheckBoundary1" classname="GameBoardTest" time="0.001"/>
  <testcase name="testcheckBoundary2" classname="GameBoardTest" time="0.0"/>
  <testcase name="testcheckVacancy1" classname="GameBoardTest" time="0.001"/>
  <testcase name="testcheckVacancy2" classname="GameBoardTest" time="0.0"/>
  <system-out><![CDATA[]]></system-out>
  <system-err><![CDATA[]]></system-err>
</testsuite>
